Performing C SOURCE FILE Test CMAKE_HAVE_LIBC_PTHREAD failed with the following output:
Change Dir: /home/limo/Documentos/c++/daa-practica2-ram/build/CMakeFiles/CMakeTmp

Run Build Command(s):/usr/bin/make cmTC_89d32/fast && /usr/bin/make -f CMakeFiles/cmTC_89d32.dir/build.make CMakeFiles/cmTC_89d32.dir/build
make[1]: se entra en el directorio '/home/limo/Documentos/c++/daa-practica2-ram/build/CMakeFiles/CMakeTmp'
Building C object CMakeFiles/cmTC_89d32.dir/src.c.o
/usr/bin/x86_64-linux-gnu-gcc-9   -DCMAKE_HAVE_LIBC_PTHREAD   -o CMakeFiles/cmTC_89d32.dir/src.c.o   -c /home/limo/Documentos/c++/daa-practica2-ram/build/CMakeFiles/CMakeTmp/src.c
Linking C executable cmTC_89d32
/usr/bin/cmake -E cmake_link_script CMakeFiles/cmTC_89d32.dir/link.txt --verbose=1
/usr/bin/x86_64-linux-gnu-gcc-9  -DCMAKE_HAVE_LIBC_PTHREAD    -rdynamic CMakeFiles/cmTC_89d32.dir/src.c.o  -o cmTC_89d32 
/usr/bin/ld: CMakeFiles/cmTC_89d32.dir/src.c.o: en la función `main':
src.c:(.text+0x46): referencia a `pthread_create' sin definir
/usr/bin/ld: src.c:(.text+0x52): referencia a `pthread_detach' sin definir
/usr/bin/ld: src.c:(.text+0x63): referencia a `pthread_join' sin definir
collect2: error: ld returned 1 exit status
make[1]: *** [CMakeFiles/cmTC_89d32.dir/build.make:87: cmTC_89d32] Error 1
make[1]: se sale del directorio '/home/limo/Documentos/c++/daa-practica2-ram/build/CMakeFiles/CMakeTmp'
make: *** [Makefile:121: cmTC_89d32/fast] Error 2


Source file was:
#include <pthread.h>

void* test_func(void* data)
{
  return data;
}

int main(void)
{
  pthread_t thread;
  pthread_create(&thread, NULL, test_func, NULL);
  pthread_detach(thread);
  pthread_join(thread, NULL);
  pthread_atfork(NULL, NULL, NULL);
  pthread_exit(NULL);

  return 0;
}

Determining if the function pthread_create exists in the pthreads failed with the following output:
Change Dir: /home/limo/Documentos/c++/daa-practica2-ram/build/CMakeFiles/CMakeTmp

Run Build Command(s):/usr/bin/make cmTC_8b28b/fast && /usr/bin/make -f CMakeFiles/cmTC_8b28b.dir/build.make CMakeFiles/cmTC_8b28b.dir/build
make[1]: se entra en el directorio '/home/limo/Documentos/c++/daa-practica2-ram/build/CMakeFiles/CMakeTmp'
Building C object CMakeFiles/cmTC_8b28b.dir/CheckFunctionExists.c.o
/usr/bin/x86_64-linux-gnu-gcc-9   -DCHECK_FUNCTION_EXISTS=pthread_create   -o CMakeFiles/cmTC_8b28b.dir/CheckFunctionExists.c.o   -c /usr/share/cmake-3.16/Modules/CheckFunctionExists.c
Linking C executable cmTC_8b28b
/usr/bin/cmake -E cmake_link_script CMakeFiles/cmTC_8b28b.dir/link.txt --verbose=1
/usr/bin/x86_64-linux-gnu-gcc-9  -DCHECK_FUNCTION_EXISTS=pthread_create    -rdynamic CMakeFiles/cmTC_8b28b.dir/CheckFunctionExists.c.o  -o cmTC_8b28b  -lpthreads 
/usr/bin/ld: no se puede encontrar -lpthreads
collect2: error: ld returned 1 exit status
make[1]: *** [CMakeFiles/cmTC_8b28b.dir/build.make:87: cmTC_8b28b] Error 1
make[1]: se sale del directorio '/home/limo/Documentos/c++/daa-practica2-ram/build/CMakeFiles/CMakeTmp'
make: *** [Makefile:121: cmTC_8b28b/fast] Error 2



